<?xml version="1.0" encoding="UTF-8"?>
<!-- Generated by org.testng.reporters.JUnitReportReporter -->
<testsuite hostname="DESKTOP-0DU3MKO" failures="0" tests="1" name="TestCases.TC_LoginTest_001" time="9.219" errors="0" timestamp="2023-10-25T16:47:46 PKT" skipped="0">
  <testcase classname="TestCases.TC_LoginTest_001" name="LoginTest" time="9.219"/>
</testsuite> <!-- TestCases.TC_LoginTest_001 -->
