<?xml version="1.0" encoding="UTF-8"?>
<!-- Generated by org.testng.reporters.JUnitReportReporter -->
<testsuite hostname="DESKTOP-0DU3MKO" failures="0" tests="1" name="com.inetbanking.testCases.TC_LoginTest_001" time="12.424" errors="0" timestamp="2023-10-24T12:54:08 PKT" skipped="0">
  <testcase classname="com.inetbanking.testCases.TC_LoginTest_001" name="LoginTest" time="12.424"/>
</testsuite> <!-- com.inetbanking.testCases.TC_LoginTest_001 -->
