<?xml version="1.0" encoding="UTF-8"?>
<!-- Generated by org.testng.reporters.JUnitReportReporter -->
<testsuite hostname="DESKTOP-0DU3MKO" failures="0" tests="1" name="com.inetbanking.testCases.TC_AddCustomerTest_003" time="19.363" errors="0" timestamp="2023-10-24T13:00:36 PKT" skipped="0">
  <testcase classname="com.inetbanking.testCases.TC_AddCustomerTest_003" name="addNewCustomer" time="19.363"/>
</testsuite> <!-- com.inetbanking.testCases.TC_AddCustomerTest_003 -->
